android/lib/build/intermediates/manifest_merge_blame_file/debug/manifest-merger-blame-debug-report.txt
1<?xml version="1.0" encoding="utf-8"?>
2<!--
3       Licensed to the Apache Software Foundation (ASF) under one
4       or more contributor license agreements.  See the NOTICE file
5       distributed with this work for additional information
6       regarding copyright ownership.  The ASF licenses this file
7       to you under the Apache License, Version 2.0 (the
8       "License"); you may not use this file except in compliance
9       with the License.  You may obtain a copy of the License at
10
11         http://www.apache.org/licenses/LICENSE-2.0
12
13       Unless required by applicable law or agreed to in writing,
14       software distributed under the License is distributed on an
15       "AS IS" BASIS, WITHOUT WARRANTIES OR CONDITIONS OF ANY
16       KIND, either express or implied.  See the License for the
17       specific language governing permissions and limitations
18       under the License.
19-->
20<manifest xmlns:android="http://schemas.android.com/apk/res/android"
21    package="com.marianhello.bgloc.react"
22    android:versionCode="1"
23    android:versionName="1.0" >
24
25    <uses-sdk
26        android:minSdkVersion="21"
26-->src/main/AndroidManifest.xml
27        android:targetSdkVersion="33" />
27-->src/main/AndroidManifest.xml
28
29    <uses-permission android:name="android.hardware.location" />
29-->src/main/AndroidManifest.xml:56:5-65
29-->src/main/AndroidManifest.xml:56:22-62
30    <uses-permission android:name="android.permission.INTERNET" />
30-->src/main/AndroidManifest.xml:57:5-66
30-->src/main/AndroidManifest.xml:57:22-64
31    <uses-permission android:name="android.permission.WAKE_LOCK" />
31-->src/main/AndroidManifest.xml:58:5-68
31-->src/main/AndroidManifest.xml:58:22-65
32    <uses-permission android:name="android.permission.ACCESS_NETWORK_STATE" />
32-->src/main/AndroidManifest.xml:59:5-79
32-->src/main/AndroidManifest.xml:59:22-76
33    <uses-permission android:name="android.permission.ACCESS_COARSE_LOCATION" />
33-->src/main/AndroidManifest.xml:60:5-81
33-->src/main/AndroidManifest.xml:60:22-78
34    <uses-permission android:name="android.permission.ACCESS_FINE_LOCATION" />
34-->src/main/AndroidManifest.xml:61:5-79
34-->src/main/AndroidManifest.xml:61:22-76
35    <uses-permission android:name="android.permission.ACCESS_LOCATION_EXTRA_COMMANDS" />
35-->src/main/AndroidManifest.xml:62:5-89
35-->src/main/AndroidManifest.xml:62:22-86
36    <uses-permission android:name="com.google.android.gms.permission.ACTIVITY_RECOGNITION" />
36-->src/main/AndroidManifest.xml:63:5-94
36-->src/main/AndroidManifest.xml:63:22-91
37    <uses-permission android:name="android.permission.RECEIVE_BOOT_COMPLETED" />
37-->src/main/AndroidManifest.xml:64:5-81
37-->src/main/AndroidManifest.xml:64:22-78
38    <uses-permission android:name="android.permission.READ_SYNC_SETTINGS" />
38-->src/main/AndroidManifest.xml:65:5-76
38-->src/main/AndroidManifest.xml:65:22-74
39    <uses-permission android:name="android.permission.WRITE_SYNC_SETTINGS" />
39-->src/main/AndroidManifest.xml:66:5-77
39-->src/main/AndroidManifest.xml:66:22-75
40    <uses-permission android:name="android.permission.AUTHENTICATE_ACCOUNTS" />
40-->src/main/AndroidManifest.xml:67:5-79
40-->src/main/AndroidManifest.xml:67:22-77
41    <uses-permission android:name="android.permission.FOREGROUND_SERVICE" />
41-->src/main/AndroidManifest.xml:68:5-77
41-->src/main/AndroidManifest.xml:68:22-74
42
43    <application>
43-->src/main/AndroidManifest.xml:22:5-54:19
44        <service
44-->src/main/AndroidManifest.xml:23:9-32:19
45            android:name="com.marianhello.bgloc.sync.SyncService"
45-->src/main/AndroidManifest.xml:24:13-66
46            android:exported="true"
46-->src/main/AndroidManifest.xml:25:13-36
47            android:process=":sync" >
47-->src/main/AndroidManifest.xml:26:13-36
48            <intent-filter>
48-->src/main/AndroidManifest.xml:27:13-29:29
49                <action android:name="android.content.SyncAdapter" />
49-->src/main/AndroidManifest.xml:28:17-69
49-->src/main/AndroidManifest.xml:28:25-67
50            </intent-filter>
51
52            <meta-data
52-->src/main/AndroidManifest.xml:30:13-31:54
53                android:name="android.content.SyncAdapter"
53-->src/main/AndroidManifest.xml:30:24-66
54                android:resource="@xml/syncadapter" />
54-->src/main/AndroidManifest.xml:31:17-52
55        </service>
56        <service
56-->src/main/AndroidManifest.xml:33:9-41:19
57            android:name="com.marianhello.bgloc.sync.AuthenticatorService"
57-->src/main/AndroidManifest.xml:34:13-75
58            android:exported="false" >
58-->src/main/AndroidManifest.xml:34:76-100
59            <intent-filter>
59-->src/main/AndroidManifest.xml:35:13-37:29
60                <action android:name="android.accounts.AccountAuthenticator" />
60-->src/main/AndroidManifest.xml:36:17-79
60-->src/main/AndroidManifest.xml:36:25-77
61            </intent-filter>
62
63            <meta-data
63-->src/main/AndroidManifest.xml:38:13-40:57
64                android:name="android.accounts.AccountAuthenticator"
64-->src/main/AndroidManifest.xml:39:17-69
65                android:resource="@xml/authenticator" />
65-->src/main/AndroidManifest.xml:40:17-54
66        </service>
67
68        <provider
68-->src/main/AndroidManifest.xml:42:9-46:38
69            android:name="com.marianhello.bgloc.data.provider.LocationContentProvider"
69-->src/main/AndroidManifest.xml:43:13-87
70            android:authorities="@string/mauron85_bgloc_content_authority"
70-->src/main/AndroidManifest.xml:44:13-75
71            android:exported="false"
71-->src/main/AndroidManifest.xml:45:13-37
72            android:syncable="true" />
72-->src/main/AndroidManifest.xml:46:13-36
73
74        <service
74-->src/main/AndroidManifest.xml:47:9-173
75            android:name="com.marianhello.bgloc.service.LocationServiceImpl"
75-->src/main/AndroidManifest.xml:47:66-130
76            android:enabled="true"
76-->src/main/AndroidManifest.xml:47:18-40
77            android:exported="false"
77-->src/main/AndroidManifest.xml:47:41-65
78            android:foregroundServiceType="location" />
78-->src/main/AndroidManifest.xml:47:131-171
79        <service
79-->src/main/AndroidManifest.xml:48:9-136
80            android:name="com.marianhello.bgloc.react.headless.HeadlessService"
80-->src/main/AndroidManifest.xml:48:66-133
81            android:enabled="true"
81-->src/main/AndroidManifest.xml:48:18-40
82            android:exported="false" />
82-->src/main/AndroidManifest.xml:48:41-65
83
84        <receiver
84-->src/main/AndroidManifest.xml:49:9-53:20
85            android:name="com.marianhello.bgloc.BootCompletedReceiver"
85-->src/main/AndroidManifest.xml:49:66-124
86            android:enabled="true"
86-->src/main/AndroidManifest.xml:49:19-41
87            android:exported="true" >
87-->src/main/AndroidManifest.xml:49:42-65
88            <intent-filter>
88-->src/main/AndroidManifest.xml:50:13-52:29
89                <action android:name="android.intent.action.BOOT_COMPLETED" />
89-->src/main/AndroidManifest.xml:51:17-79
89-->src/main/AndroidManifest.xml:51:25-76
90            </intent-filter>
91        </receiver>
92    </application>
93
94</manifest>